<?xml version="1.0" encoding="UTF-8"?>
<!-- Generated by org.testng.reporters.JUnitReportReporter -->
<testsuite hostname="DESKTOP-NQ758G9" name="testBaidu.OpenBaidu" tests="1" failures="0" timestamp="21 Mar 2019 09:41:08 GMT" time="0.897" errors="0">
  <testcase name="openBaidu" time="0.897" classname="testBaidu.OpenBaidu"/>
</testsuite> <!-- testBaidu.OpenBaidu -->
